<?xml version="1.0" encoding="UTF-8"?>
<testsuite xmlns:xsi="http://www.w3.org/2001/XMLSchema-instance" xsi:noNamespaceSchemaLocation="https://maven.apache.org/surefire/maven-surefire-plugin/xsd/surefire-test-report.xsd" name="MyTest" time="0.024" tests="8" errors="0" skipped="0" failures="0">
  <properties>
[...]
</properties>
  <testcase name="HangmanLogicConstructorTest" classname="MyTest" time="0.008"/>
  <testcase name="isLetterInWord" classname="MyTest" time="0"/>
  <testcase name="getFileTypeTest" classname="MyTest" time="0.003"/>
  <testcase name="positionTest" classname="MyTest" time="0.001"/>
  <testcase name="categoryTest" classname="MyTest" time="0.001"/>
  <testcase name="letterIsNotInWordTest" classname="MyTest" time="0"/>
  <testcase name="getContainerTest" classname="MyTest" time="0.001"/>
  <testcase name="RandomWordTest" classname="MyTest" time="0.002"/>
</testsuite>